<?xml version="1.0" encoding="UTF-8"?>
<testsuite xmlns:xsi="http://www.w3.org/2001/XMLSchema-instance" xsi:noNamespaceSchemaLocation="https://maven.apache.org/surefire/maven-surefire-plugin/xsd/surefire-test-report-3.0.xsd" version="3.0" name="com.xangeldlc.MainTest" time="0.056" tests="0" errors="0" skipped="0" failures="0">
  <properties>
    <property name="java.specification.version" value="21"/>
    <property name="sun.jnu.encoding" value="UTF-8"/>
    <property name="java.class.path" value="/home/xangeldlc/Escritorio/Minecraft plugins/angelo_achivements/angelo_achivements/target/test-classes:/home/xangeldlc/Escritorio/Minecraft plugins/angelo_achivements/angelo_achivements/target/classes:/home/xangeldlc/.m2/repository/org/spigotmc/spigot-api/1.20.1-R0.1-SNAPSHOT/spigot-api-1.20.1-R0.1-SNAPSHOT.jar:/home/xangeldlc/.m2/repository/com/google/guava/guava/31.1-jre/guava-31.1-jre.jar:/home/xangeldlc/.m2/repository/com/google/guava/failureaccess/1.0.1/failureaccess-1.0.1.jar:/home/xangeldlc/.m2/repository/com/google/guava/listenablefuture/9999.0-empty-to-avoid-conflict-with-guava/listenablefuture-9999.0-empty-to-avoid-conflict-with-guava.jar:/home/xangeldlc/.m2/repository/com/google/code/findbugs/jsr305/3.0.2/jsr305-3.0.2.jar:/home/xangeldlc/.m2/repository/org/checkerframework/checker-qual/3.12.0/checker-qual-3.12.0.jar:/home/xangeldlc/.m2/repository/com/google/errorprone/error_prone_annotations/2.11.0/error_prone_annotations-2.11.0.jar:/home/xangeldlc/.m2/repository/com/google/j2objc/j2objc-annotations/1.3/j2objc-annotations-1.3.jar:/home/xangeldlc/.m2/repository/com/google/code/gson/gson/2.10/gson-2.10.jar:/home/xangeldlc/.m2/repository/org/joml/joml/1.10.5/joml-1.10.5.jar:/home/xangeldlc/.m2/repository/net/md-5/bungeecord-chat/1.20-R0.1/bungeecord-chat-1.20-R0.1.jar:/home/xangeldlc/.m2/repository/org/yaml/snakeyaml/2.0/snakeyaml-2.0.jar:/home/xangeldlc/.m2/repository/net/kyori/adventure-platform-bukkit/4.3.4/adventure-platform-bukkit-4.3.4.jar:/home/xangeldlc/.m2/repository/net/kyori/adventure-platform-api/4.3.4/adventure-platform-api-4.3.4.jar:/home/xangeldlc/.m2/repository/net/kyori/adventure-text-serializer-bungeecord/4.3.4/adventure-text-serializer-bungeecord-4.3.4.jar:/home/xangeldlc/.m2/repository/net/kyori/adventure-text-serializer-legacy/4.13.1/adventure-text-serializer-legacy-4.13.1.jar:/home/xangeldlc/.m2/repository/net/kyori/adventure-nbt/4.13.1/adventure-nbt-4.13.1.jar:/home/xangeldlc/.m2/repository/net/kyori/adventure-text-serializer-gson/4.13.1/adventure-text-serializer-gson-4.13.1.jar:/home/xangeldlc/.m2/repository/net/kyori/adventure-text-serializer-gson-legacy-impl/4.13.1/adventure-text-serializer-gson-legacy-impl-4.13.1.jar:/home/xangeldlc/.m2/repository/net/kyori/adventure-platform-facet/4.3.4/adventure-platform-facet-4.3.4.jar:/home/xangeldlc/.m2/repository/net/kyori/adventure-platform-viaversion/4.3.4/adventure-platform-viaversion-4.3.4.jar:/home/xangeldlc/.m2/repository/net/kyori/adventure-api/4.17.0/adventure-api-4.17.0.jar:/home/xangeldlc/.m2/repository/net/kyori/adventure-key/4.17.0/adventure-key-4.17.0.jar:/home/xangeldlc/.m2/repository/net/kyori/examination-api/1.3.0/examination-api-1.3.0.jar:/home/xangeldlc/.m2/repository/net/kyori/examination-string/1.3.0/examination-string-1.3.0.jar:/home/xangeldlc/.m2/repository/org/jetbrains/annotations/24.1.0/annotations-24.1.0.jar:/home/xangeldlc/.m2/repository/net/kyori/adventure-text-serializer-plain/4.17.0/adventure-text-serializer-plain-4.17.0.jar:/home/xangeldlc/.m2/repository/net/kyori/adventure-text-minimessage/4.17.0/adventure-text-minimessage-4.17.0.jar:"/>
    <property name="java.vm.vendor" value="Red Hat, Inc."/>
    <property name="sun.arch.data.model" value="64"/>
    <property name="java.vendor.url" value="https://www.redhat.com/"/>
    <property name="os.name" value="Linux"/>
    <property name="java.vm.specification.version" value="21"/>
    <property name="sun.java.launcher" value="SUN_STANDARD"/>
    <property name="user.country" value="UY"/>
    <property name="sun.boot.library.path" value="/usr/lib/jvm/java-21-openjdk-21.0.5.0.11-1.fc41.x86_64/lib"/>
    <property name="sun.java.command" value="/home/xangeldlc/Escritorio/Minecraft plugins/angelo_achivements/angelo_achivements/target/surefire/surefirebooter-20241117030834485_3.jar /home/xangeldlc/Escritorio/Minecraft plugins/angelo_achivements/angelo_achivements/target/surefire 2024-11-17T03-08-34_191-jvmRun1 surefire-20241117030834485_1tmp surefire_0-20241117030834485_2tmp"/>
    <property name="jdk.debug" value="release"/>
    <property name="surefire.test.class.path" value="/home/xangeldlc/Escritorio/Minecraft plugins/angelo_achivements/angelo_achivements/target/test-classes:/home/xangeldlc/Escritorio/Minecraft plugins/angelo_achivements/angelo_achivements/target/classes:/home/xangeldlc/.m2/repository/org/spigotmc/spigot-api/1.20.1-R0.1-SNAPSHOT/spigot-api-1.20.1-R0.1-SNAPSHOT.jar:/home/xangeldlc/.m2/repository/com/google/guava/guava/31.1-jre/guava-31.1-jre.jar:/home/xangeldlc/.m2/repository/com/google/guava/failureaccess/1.0.1/failureaccess-1.0.1.jar:/home/xangeldlc/.m2/repository/com/google/guava/listenablefuture/9999.0-empty-to-avoid-conflict-with-guava/listenablefuture-9999.0-empty-to-avoid-conflict-with-guava.jar:/home/xangeldlc/.m2/repository/com/google/code/findbugs/jsr305/3.0.2/jsr305-3.0.2.jar:/home/xangeldlc/.m2/repository/org/checkerframework/checker-qual/3.12.0/checker-qual-3.12.0.jar:/home/xangeldlc/.m2/repository/com/google/errorprone/error_prone_annotations/2.11.0/error_prone_annotations-2.11.0.jar:/home/xangeldlc/.m2/repository/com/google/j2objc/j2objc-annotations/1.3/j2objc-annotations-1.3.jar:/home/xangeldlc/.m2/repository/com/google/code/gson/gson/2.10/gson-2.10.jar:/home/xangeldlc/.m2/repository/org/joml/joml/1.10.5/joml-1.10.5.jar:/home/xangeldlc/.m2/repository/net/md-5/bungeecord-chat/1.20-R0.1/bungeecord-chat-1.20-R0.1.jar:/home/xangeldlc/.m2/repository/org/yaml/snakeyaml/2.0/snakeyaml-2.0.jar:/home/xangeldlc/.m2/repository/net/kyori/adventure-platform-bukkit/4.3.4/adventure-platform-bukkit-4.3.4.jar:/home/xangeldlc/.m2/repository/net/kyori/adventure-platform-api/4.3.4/adventure-platform-api-4.3.4.jar:/home/xangeldlc/.m2/repository/net/kyori/adventure-text-serializer-bungeecord/4.3.4/adventure-text-serializer-bungeecord-4.3.4.jar:/home/xangeldlc/.m2/repository/net/kyori/adventure-text-serializer-legacy/4.13.1/adventure-text-serializer-legacy-4.13.1.jar:/home/xangeldlc/.m2/repository/net/kyori/adventure-nbt/4.13.1/adventure-nbt-4.13.1.jar:/home/xangeldlc/.m2/repository/net/kyori/adventure-text-serializer-gson/4.13.1/adventure-text-serializer-gson-4.13.1.jar:/home/xangeldlc/.m2/repository/net/kyori/adventure-text-serializer-gson-legacy-impl/4.13.1/adventure-text-serializer-gson-legacy-impl-4.13.1.jar:/home/xangeldlc/.m2/repository/net/kyori/adventure-platform-facet/4.3.4/adventure-platform-facet-4.3.4.jar:/home/xangeldlc/.m2/repository/net/kyori/adventure-platform-viaversion/4.3.4/adventure-platform-viaversion-4.3.4.jar:/home/xangeldlc/.m2/repository/net/kyori/adventure-api/4.17.0/adventure-api-4.17.0.jar:/home/xangeldlc/.m2/repository/net/kyori/adventure-key/4.17.0/adventure-key-4.17.0.jar:/home/xangeldlc/.m2/repository/net/kyori/examination-api/1.3.0/examination-api-1.3.0.jar:/home/xangeldlc/.m2/repository/net/kyori/examination-string/1.3.0/examination-string-1.3.0.jar:/home/xangeldlc/.m2/repository/org/jetbrains/annotations/24.1.0/annotations-24.1.0.jar:/home/xangeldlc/.m2/repository/net/kyori/adventure-text-serializer-plain/4.17.0/adventure-text-serializer-plain-4.17.0.jar:/home/xangeldlc/.m2/repository/net/kyori/adventure-text-minimessage/4.17.0/adventure-text-minimessage-4.17.0.jar:"/>
    <property name="sun.cpu.endian" value="little"/>
    <property name="user.home" value="/home/xangeldlc"/>
    <property name="user.language" value="es"/>
    <property name="java.specification.vendor" value="Oracle Corporation"/>
    <property name="java.version.date" value="2024-10-15"/>
    <property name="java.home" value="/usr/lib/jvm/java-21-openjdk-21.0.5.0.11-1.fc41.x86_64"/>
    <property name="file.separator" value="/"/>
    <property name="basedir" value="/home/xangeldlc/Escritorio/Minecraft plugins/angelo_achivements/angelo_achivements"/>
    <property name="java.vm.compressedOopsMode" value="32-bit"/>
    <property name="line.separator" value="&#10;"/>
    <property name="java.specification.name" value="Java Platform API Specification"/>
    <property name="java.vm.specification.vendor" value="Oracle Corporation"/>
    <property name="surefire.real.class.path" value="/home/xangeldlc/Escritorio/Minecraft plugins/angelo_achivements/angelo_achivements/target/surefire/surefirebooter-20241117030834485_3.jar"/>
    <property name="sun.management.compiler" value="HotSpot 64-Bit Tiered Compilers"/>
    <property name="java.runtime.version" value="21.0.5+11"/>
    <property name="user.name" value="xangeldlc"/>
    <property name="stdout.encoding" value="UTF-8"/>
    <property name="path.separator" value=":"/>
    <property name="os.version" value="6.11.7-300.fc41.x86_64"/>
    <property name="java.runtime.name" value="OpenJDK Runtime Environment"/>
    <property name="file.encoding" value="UTF-8"/>
    <property name="java.vm.name" value="OpenJDK 64-Bit Server VM"/>
    <property name="java.vendor.version" value="(Red_Hat-21.0.5.0.11-1)"/>
    <property name="localRepository" value="/home/xangeldlc/.m2/repository"/>
    <property name="java.vendor.url.bug" value="https://bugzilla.redhat.com/enter_bug.cgi?product=Fedora&amp;component=java-21-openjdk&amp;version=39"/>
    <property name="java.io.tmpdir" value="/tmp"/>
    <property name="java.version" value="21.0.5"/>
    <property name="user.dir" value="/home/xangeldlc/Escritorio/Minecraft plugins/angelo_achivements/angelo_achivements"/>
    <property name="os.arch" value="amd64"/>
    <property name="java.vm.specification.name" value="Java Virtual Machine Specification"/>
    <property name="native.encoding" value="UTF-8"/>
    <property name="java.library.path" value="/usr/java/packages/lib:/usr/lib64:/lib64:/lib:/usr/lib"/>
    <property name="java.vm.info" value="mixed mode, sharing"/>
    <property name="stderr.encoding" value="UTF-8"/>
    <property name="java.vendor" value="Red Hat, Inc."/>
    <property name="java.vm.version" value="21.0.5+11"/>
    <property name="sun.io.unicode.encoding" value="UnicodeLittle"/>
    <property name="java.class.version" value="65.0"/>
  </properties>
</testsuite>